<?xml version="1.0" encoding="UTF-8"?>
<testsuite name="SILab2Test" tests="1" skipped="0" failures="0" errors="0" timestamp="2025-05-25T20:58:11" hostname="LAPTOP-0KBA6USI" time="0.015">
  <properties/>
  <testcase name="testFalse()" classname="SILab2Test" time="0.015"/>
  <system-out><![CDATA[]]></system-out>
  <system-err><![CDATA[]]></system-err>
</testsuite>
